1686795060;busqueda_en_documentos
1686795064;agrega_links_por_path
1686795077;busqueda_en_documentos
1686795128;agrega_links_por_path
1686795252;agrega_links_por_path
1686795255;busqueda_en_documentos
1686795263;busqueda_en_documentos
1686795270;busqueda_en_documentos
1686795284;busqueda_en_documentos
1686795463;busqueda_en_documentos
1686795463;busqueda_en_documentos
1686795481;busqueda_en_documentos
1686795484;busqueda_en_documentos
1686795487;busqueda_en_documentos
1686795491;busqueda_en_documentos
1686795494;busqueda_en_documentos
1686795500;busqueda_en_documentos
1686795508;busqueda_en_documentos
1686795525;busqueda_en_documentos
1686795554;agrega_links_por_path
1686795618;agrega_links_por_path
1686795677;busqueda_en_documentos
1686795678;busqueda_en_documentos
1686795682;agrega_links_por_path
1686795742;busqueda_en_documentos
1686795742;busqueda_en_documentos
